INFO:  latexindent.pl version 3.24.4, 2024-07-18, a script to indent .tex files
       latexindent.pl lives here: /usr/local/Cellar/latexindent/3.24.4_1/libexec/bin/
       Thu Jan  9 03:43:24 2025
       Filename: /Users/nagampere/Repositories/latex-01marill/mainmatter/__latexindent_temp_chapter4.tex
INFO:  Processing switches:
       -l|--localSettings: Read localSettings YAML file
       -c|--cruft: cruft directory
       -r|--replacement: replacement mode
INFO:  Directory for backup files and log file /Users/nagampere/Repositories/latex-01marill/logs/indent.log:
       /Users/nagampere/Repositories/latex-01marill/logs
INFO:  Perl modules are being loaded from the following directories:
       /usr/local/opt/perl/lib/perl5/5.40/FindBin.pm
       /usr/local/Cellar/latexindent/3.24.4_1/libexec/lib/perl5/YAML/Tiny.pm
       /usr/local/opt/perl/lib/perl5/5.40/File/Copy.pm
       /usr/local/opt/perl/lib/perl5/5.40/File/Basename.pm
       /usr/local/opt/perl/lib/perl5/5.40/Getopt/Long.pm
       /usr/local/Cellar/latexindent/3.24.4_1/libexec/lib/perl5/File/HomeDir.pm
INFO:  LatexIndent perl modules are being loaded from, for example:
       /usr/local/Cellar/latexindent/3.24.4_1/libexec/lib/perl5/LatexIndent/Document.pm
INFO:  YAML settings read: defaultSettings.yaml
       Reading defaultSettings.yaml from /usr/local/Cellar/latexindent/3.24.4_1/libexec/bin/defaultSettings.yaml
INFO:  YAML reading settings
       Home directory is /Users/nagampere
       latexindent.pl didn't find indentconfig.yaml or .indentconfig.yaml
       see all possible locations: https://latexindentpl.readthedocs.io/en/latest/sec-appendices.html#indentconfig-options)
INFO:  YAML settings read: -l switch
       Adding /Users/nagampere/Repositories/latex-01marill/latexindent.yaml to YAML read paths
INFO:  YAML settings, reading from the following files:
       Reading USER settings from /Users/nagampere/Repositories/latex-01marill/latexindent.yaml
       ---
       replacements:
         -
           that: ，
           this: 、
         -
           that: ．
           this: 。

INFO:  Phase 1: searching for objects
INFO:  Phase 2: finding surrounding indentation
INFO:  Phase 3: indenting objects
INFO:  Phase 4: final indentation check
INFO:  Output routine:
       Not outputting to file; see -w and -o switches for more options.
       --------------
INFO:  Please direct all communication/issues to:
        https://github.com/cmhughes/latexindent.pl
